<?xml version="1.0" encoding="UTF-8"?>
<testng-results ignored="0" total="1" passed="1" failed="0" skipped="0">
  <reporter-output>
  </reporter-output>
  <suite started-at="2021-05-26T11:34:12 IST" name="BDD Test Suite" finished-at="2021-05-26T11:35:31 IST" duration-ms="78918">
    <groups>
      <group name="cucumber">
        <method signature="AbstractTestNGCucumberTests.feature(cucumber.api.testng.CucumberFeatureWrapper)[pri:0, instance:options.TestRunner@3738449f]" name="feature" class="cucumber.api.testng.AbstractTestNGCucumberTests"/>
      </group> <!-- cucumber -->
    </groups>
    <test started-at="2021-05-26T11:34:12 IST" name="HotelsBooking Test" finished-at="2021-05-26T11:35:31 IST" duration-ms="78918">
      <class name="options.TestRunner">
        <test-method is-config="true" signature="setUpClass()[pri:0, instance:options.TestRunner@3738449f]" started-at="2021-05-26T11:34:12 IST" name="setUpClass" finished-at="2021-05-26T11:34:13 IST" duration-ms="885" status="PASS">
          <reporter-output>
          </reporter-output>
        </test-method> <!-- setUpClass -->
        <test-method signature="feature(cucumber.api.testng.CucumberFeatureWrapper)[pri:0, instance:options.TestRunner@3738449f]" started-at="2021-05-26T11:34:13 IST" name="feature" description="Runs Cucumber Feature" data-provider="features" finished-at="2021-05-26T11:35:31 IST" duration-ms="77603" status="PASS">
          <params>
            <param index="0">
              <value>
                <![CDATA[Hotel Booking with Valid details]]>
              </value>
            </param>
          </params>
          <reporter-output>
          </reporter-output>
        </test-method> <!-- feature -->
        <test-method is-config="true" signature="tearDownClass()[pri:0, instance:options.TestRunner@3738449f]" started-at="2021-05-26T11:35:31 IST" name="tearDownClass" finished-at="2021-05-26T11:35:31 IST" duration-ms="25" status="PASS">
          <reporter-output>
          </reporter-output>
        </test-method> <!-- tearDownClass -->
      </class> <!-- options.TestRunner -->
    </test> <!-- HotelsBooking Test -->
  </suite> <!-- BDD Test Suite -->
</testng-results>
